[NX Daemon Server] - 2024-01-18T01:21:02.266Z - Started listening on: /var/folders/qj/kgmn85_941d2dgpbwr7pvbtr0000gn/T/970d61d58562b07bedc5/d.sock
[NX Daemon Server] - 2024-01-18T01:21:02.268Z - [WATCHER]: Subscribed to changes within: /Users/alexlamb/coding-practice/angular-weather-app (native)
[NX Daemon Server] - 2024-01-18T01:21:02.273Z - Established a connection. Number of open connections: 1
[NX Daemon Server] - 2024-01-18T01:21:02.274Z - Established a connection. Number of open connections: 2
[NX Daemon Server] - 2024-01-18T01:21:02.274Z - Closed a connection. Number of open connections: 1
[NX Daemon Server] - 2024-01-18T01:21:02.274Z - [REQUEST]: Client Request for Project Graph Received
[NX Daemon Server] - 2024-01-18T01:21:02.275Z - [REQUEST]: Updated workspace context based on watched changes, recomputing project graph...
[NX Daemon Server] - 2024-01-18T01:21:02.275Z - [REQUEST]: 
[NX Daemon Server] - 2024-01-18T01:21:02.275Z - [REQUEST]: 
[NX Daemon Server] - 2024-01-18T01:21:02.315Z - [REQUEST]: Responding to the client. project-graph
[NX Daemon Server] - 2024-01-18T01:21:02.316Z - Time taken for 'total for creating and serializing project graph' 40.32320785522461ms
[NX Daemon Server] - 2024-01-18T01:21:02.320Z - Done responding to the client project-graph
[NX Daemon Server] - 2024-01-18T01:21:02.320Z - Handled REQUEST_PROJECT_GRAPH. Handling time: 41. Response time: 5.
[NX Daemon Server] - 2024-01-18T01:21:02.321Z - Closed a connection. Number of open connections: 0
[NX Daemon Server] - 2024-01-18T01:21:02.322Z - Established a connection. Number of open connections: 1
[NX Daemon Server] - 2024-01-18T01:21:02.322Z - Closed a connection. Number of open connections: 0
[NX Daemon Server] - 2024-01-18T01:21:02.322Z - Established a connection. Number of open connections: 1
[NX Daemon Server] - 2024-01-18T01:21:02.323Z - [REQUEST]: Responding to the client. handleRequestFileData
[NX Daemon Server] - 2024-01-18T01:21:02.323Z - Done responding to the client handleRequestFileData
[NX Daemon Server] - 2024-01-18T01:21:02.323Z - Handled REQUEST_FILE_DATA. Handling time: 0. Response time: 0.
[NX Daemon Server] - 2024-01-18T01:21:02.328Z - [WATCHER]: .nx/cache/d/server-process.json was created or restored
[NX Daemon Server] - 2024-01-18T01:21:02.430Z - [REQUEST]: Updated workspace context based on watched changes, recomputing project graph...
[NX Daemon Server] - 2024-01-18T01:21:02.430Z - [REQUEST]: .nx/cache/d/server-process.json
[NX Daemon Server] - 2024-01-18T01:21:02.430Z - [REQUEST]: 
[NX Daemon Server] - 2024-01-18T01:21:02.444Z - Time taken for 'hash changed files from watcher' 0.09366607666015625ms
[NX Daemon Server] - 2024-01-18T01:21:13.519Z - Established a connection. Number of open connections: 2
[NX Daemon Server] - 2024-01-18T01:21:13.519Z - Closed a connection. Number of open connections: 1
[NX Daemon Server] - 2024-01-18T01:21:13.520Z - Established a connection. Number of open connections: 2
[NX Daemon Server] - 2024-01-18T01:21:13.522Z - [REQUEST]: Client Request for Project Graph Received
[NX Daemon Server] - 2024-01-18T01:21:13.522Z - [REQUEST]: Responding to the client. project-graph
[NX Daemon Server] - 2024-01-18T01:21:13.523Z - Time taken for 'total for creating and serializing project graph' 0.08908390998840332ms
[NX Daemon Server] - 2024-01-18T01:21:13.524Z - Done responding to the client project-graph
[NX Daemon Server] - 2024-01-18T01:21:13.524Z - Handled REQUEST_PROJECT_GRAPH. Handling time: 0. Response time: 2.
[NX Daemon Server] - 2024-01-18T01:21:13.556Z - [REQUEST]: Responding to the client. handleHashTasks
[NX Daemon Server] - 2024-01-18T01:21:13.556Z - Done responding to the client handleHashTasks
[NX Daemon Server] - 2024-01-18T01:21:13.557Z - Handled HASH_TASKS. Handling time: 8. Response time: 1.
[NX Daemon Server] - 2024-01-18T01:21:14.336Z - Established a connection. Number of open connections: 3
[NX Daemon Server] - 2024-01-18T01:21:14.337Z - Closed a connection. Number of open connections: 2
[NX Daemon Server] - 2024-01-18T01:21:14.337Z - Established a connection. Number of open connections: 3
[NX Daemon Server] - 2024-01-18T01:21:14.338Z - [REQUEST]: Client Request for Project Graph Received
[NX Daemon Server] - 2024-01-18T01:21:14.338Z - [REQUEST]: Responding to the client. project-graph
[NX Daemon Server] - 2024-01-18T01:21:14.339Z - Time taken for 'total for creating and serializing project graph' 0.06679201126098633ms
[NX Daemon Server] - 2024-01-18T01:21:14.341Z - Done responding to the client project-graph
[NX Daemon Server] - 2024-01-18T01:21:14.342Z - Handled REQUEST_PROJECT_GRAPH. Handling time: 0. Response time: 4.
[NX Daemon Server] - 2024-01-18T01:21:16.480Z - [WATCHER]: Processing file changes in outputs
[NX Daemon Server] - 2024-01-18T01:21:16.532Z - [WATCHER]: Processing file changes in outputs
[NX Daemon Server] - 2024-01-18T01:21:16.591Z - [WATCHER]: Processing file changes in outputs
[NX Daemon Server] - 2024-01-18T01:21:16.706Z - [WATCHER]: Processing file changes in outputs
[NX Daemon Server] - 2024-01-18T01:21:16.770Z - [WATCHER]: Processing file changes in outputs
[NX Daemon Server] - 2024-01-18T01:21:16.832Z - [WATCHER]: Processing file changes in outputs
[NX Daemon Server] - 2024-01-18T01:21:16.927Z - [WATCHER]: Processing file changes in outputs
[NX Daemon Server] - 2024-01-18T01:21:17.349Z - [WATCHER]: Processing file changes in outputs
[NX Daemon Server] - 2024-01-18T01:21:17.513Z - [WATCHER]: Processing file changes in outputs
[NX Daemon Server] - 2024-01-18T01:21:17.634Z - [WATCHER]: Processing file changes in outputs
[NX Daemon Server] - 2024-01-18T01:21:17.778Z - [WATCHER]: Processing file changes in outputs
[NX Daemon Server] - 2024-01-18T01:21:17.869Z - [WATCHER]: Processing file changes in outputs
[NX Daemon Server] - 2024-01-18T01:21:17.981Z - [WATCHER]: Processing file changes in outputs
[NX Daemon Server] - 2024-01-18T01:21:18.033Z - [WATCHER]: Processing file changes in outputs
[NX Daemon Server] - 2024-01-18T01:21:18.090Z - [WATCHER]: Processing file changes in outputs
[NX Daemon Server] - 2024-01-18T01:21:18.145Z - [WATCHER]: Processing file changes in outputs
[NX Daemon Server] - 2024-01-18T01:21:18.201Z - [WATCHER]: Processing file changes in outputs
[NX Daemon Server] - 2024-01-18T01:21:18.260Z - [WATCHER]: Processing file changes in outputs
[NX Daemon Server] - 2024-01-18T01:21:18.318Z - [WATCHER]: Processing file changes in outputs
[NX Daemon Server] - 2024-01-18T01:21:18.370Z - [WATCHER]: Processing file changes in outputs
[NX Daemon Server] - 2024-01-18T01:21:18.431Z - [WATCHER]: Processing file changes in outputs
[NX Daemon Server] - 2024-01-18T01:21:20.525Z - [WATCHER]: Processing file changes in outputs
